"../../../../../UE4 Projects/PavlOS_Reworked/Content/Fonts/San_Francisco/SFUIText-BoldG1.uasset" 0
"../../../../../UE4 Projects/PavlOS_Reworked/Content/Fonts/San_Francisco/SFUIText-BoldG1_Font.uasset" 1
"../../../../../UE4 Projects/PavlOS_Reworked/Content/Fonts/San_Francisco/SFUIText-BoldG2.uasset" 2
"../../../../../UE4 Projects/PavlOS_Reworked/Content/Fonts/San_Francisco/SFUIText-BoldG2_Font.uasset" 3
"../../../../../UE4 Projects/PavlOS_Reworked/Content/Fonts/San_Francisco/SFUIText-BoldG3.uasset" 4
"../../../../../UE4 Projects/PavlOS_Reworked/Content/Fonts/San_Francisco/SFUIText-BoldG3_Font.uasset" 5
"../../../../../UE4 Projects/PavlOS_Reworked/Content/Fonts/San_Francisco/SFUIText-BoldItalicG1.uasset" 6
"../../../../../UE4 Projects/PavlOS_Reworked/Content/Fonts/San_Francisco/SFUIText-BoldItalicG1_Font.uasset" 7
"../../../../../UE4 Projects/PavlOS_Reworked/Content/Fonts/San_Francisco/SFUIText-BoldItalicG2.uasset" 8
"../../../../../UE4 Projects/PavlOS_Reworked/Content/Fonts/San_Francisco/SFUIText-BoldItalicG2_Font.uasset" 9
"../../../../../UE4 Projects/PavlOS_Reworked/Content/Fonts/San_Francisco/SFUIText-BoldItalicG3.uasset" 10
"../../../../../UE4 Projects/PavlOS_Reworked/Content/Fonts/San_Francisco/SFUIText-BoldItalicG3_Font.uasset" 11
"../../../../../UE4 Projects/PavlOS_Reworked/Content/Fonts/San_Francisco/SFUIText-Bold.uasset" 12
"../../../../../UE4 Projects/PavlOS_Reworked/Content/Fonts/San_Francisco/SFUIText-Bold_Font.uasset" 13
"../../../../../UE4 Projects/PavlOS_Reworked/Content/Fonts/San_Francisco/SFUIText-HeavyItalic.uasset" 14
"../../../../../UE4 Projects/PavlOS_Reworked/Content/Fonts/San_Francisco/SFUIText-HeavyItalic_Font.uasset" 15
"../../../../../UE4 Projects/PavlOS_Reworked/Content/Fonts/San_Francisco/SFUIText-Heavy.uasset" 16
"../../../../../UE4 Projects/PavlOS_Reworked/Content/Fonts/San_Francisco/SFUIText-Heavy_Font.uasset" 17
"../../../../../UE4 Projects/PavlOS_Reworked/Content/Fonts/San_Francisco/SFUIText-ItalicG1.uasset" 18
"../../../../../UE4 Projects/PavlOS_Reworked/Content/Fonts/San_Francisco/SFUIText-ItalicG1_Font.uasset" 19
"../../../../../UE4 Projects/PavlOS_Reworked/Content/Fonts/San_Francisco/SFUIText-ItalicG2.uasset" 20
"../../../../../UE4 Projects/PavlOS_Reworked/Content/Fonts/San_Francisco/SFUIText-ItalicG2_Font.uasset" 21
"../../../../../UE4 Projects/PavlOS_Reworked/Content/Fonts/San_Francisco/SFUIText-ItalicG3.uasset" 22
"../../../../../UE4 Projects/PavlOS_Reworked/Content/Fonts/San_Francisco/SFUIText-ItalicG3_Font.uasset" 23
"../../../../../UE4 Projects/PavlOS_Reworked/Content/Fonts/San_Francisco/SFUIText-Italic.uasset" 24
"../../../../../UE4 Projects/PavlOS_Reworked/Content/Fonts/San_Francisco/SFUIText-Italic_Font.uasset" 25
"../../../../../UE4 Projects/PavlOS_Reworked/Content/Fonts/San_Francisco/SFUIText-LightItalic.uasset" 26
"../../../../../UE4 Projects/PavlOS_Reworked/Content/Fonts/San_Francisco/SFUIText-LightItalic_Font.uasset" 27
"../../../../../UE4 Projects/PavlOS_Reworked/Content/Fonts/San_Francisco/SFUIText-MediumItalic.uasset" 28
"../../../../../UE4 Projects/PavlOS_Reworked/Content/Fonts/San_Francisco/SFUIText-MediumItalic_Font.uasset" 29
"../../../../../UE4 Projects/PavlOS_Reworked/Content/Fonts/San_Francisco/SFUIText-RegularG1.uasset" 30
"../../../../../UE4 Projects/PavlOS_Reworked/Content/Fonts/San_Francisco/SFUIText-RegularG1_Font.uasset" 31
"../../../../../UE4 Projects/PavlOS_Reworked/Content/Fonts/San_Francisco/SFUIText-RegularG2.uasset" 32
"../../../../../UE4 Projects/PavlOS_Reworked/Content/Fonts/San_Francisco/SFUIText-RegularG2_Font.uasset" 33
"../../../../../UE4 Projects/PavlOS_Reworked/Content/Fonts/San_Francisco/SFUIText-SemiboldItalic.uasset" 34
"../../../../../UE4 Projects/PavlOS_Reworked/Content/Fonts/San_Francisco/SFUIText-SemiboldItalic_Font.uasset" 35
"../../../../../UE4 Projects/PavlOS_Reworked/Content/Images/checkbox.uasset" 36
"../../../../../UE4 Projects/PavlOS_Reworked/Content/Images/checkbox_hover.uasset" 37
"../../../../../UE4 Projects/PavlOS_Reworked/Content/Images/checkbox_hover_check.uasset" 38
"../../../../../UE4 Projects/PavlOS_Reworked/Content/Images/checkbox_normal.uasset" 39
"../../../../../UE4 Projects/PavlOS_Reworked/Content/Images/checkbox_normal_check.uasset" 40
"../../../../../UE4 Projects/PavlOS_Reworked/Content/Images/PavlOS_Bg.uasset" 41
"../../../../../UE4 Projects/PavlOS_Reworked/Content/Images/PavlOS_reworked_bg.uasset" 42
"../../../../../UE4 Projects/PavlOS_Reworked/Content/Images/round_brightness_low_black_48dp.uasset" 43
"../../../Engine/Content/EditorBlueprintResources/StandardMacros.uasset" 44
"../../../Engine/Content/Functions/Engine_MaterialFunctions01/Density/ExponentialDensity.uasset" 45
"../../../Engine/Content/Functions/Engine_MaterialFunctions01/Gradient/RadialGradientExponential.uasset" 46
"../../../../../UE4 Projects/PavlOS_Reworked/Content/UI/Materials/RoundCorner.uasset" 47
"../../../../../UE4 Projects/PavlOS_Reworked/Content/UI/Materials/RoundCorner_Inst.uasset" 48
"../../../../../UE4 Projects/PavlOS_Reworked/Content/Images/cube_polished.uasset" 49
"../../../../../UE4 Projects/PavlOS_Reworked/Content/Images/O_thick.uasset" 50
"../../../../../UE4 Projects/PavlOS_Reworked/Content/Images/settings-icon.uasset" 51
"../../../../../UE4 Projects/PavlOS_Reworked/Content/Images/shadow.uasset" 52
"../../../../../UE4 Projects/PavlOS_Reworked/Content/Images/x_thick.uasset" 53
"../../../../../UE4 Projects/PavlOS_Reworked/Content/Images/white.uasset" 54
"../../../../../UE4 Projects/PavlOS_Reworked/Content/UI/InbuildApps/DefaultApps/border.uasset" 55
"../../../../../UE4 Projects/PavlOS_Reworked/Content/UI/InbuildApps/DefaultApps/button.uasset" 56
"../../../../../UE4 Projects/PavlOS_Reworked/Content/Fonts/San_Francisco/SFUIText-Regular.uasset" 57
"../../../../../UE4 Projects/PavlOS_Reworked/Content/Fonts/San_Francisco/SFUIText-Regular_Font.uasset" 58
"../../../../../UE4 Projects/PavlOS_Reworked/Content/UI/InbuildApps/DefaultApps/check_box.uasset" 59
"../../../../../UE4 Projects/PavlOS_Reworked/Content/UI/InbuildApps/DefaultApps/multiline_text_box.uasset" 60
"../../../../../UE4 Projects/PavlOS_Reworked/Content/UI/InbuildApps/DefaultApps/text.uasset" 61
"../../../../../UE4 Projects/PavlOS_Reworked/Content/UI/InbuildApps/DefaultApps/text_box.uasset" 62
"../../../../../UE4 Projects/PavlOS_Reworked/Content/UI/InbuildApps/DefaultApps/web_browser.uasset" 63
"../../../../../UE4 Projects/PavlOS_Reworked/Content/Fonts/San_Francisco/SFUIText-Light.uasset" 64
"../../../../../UE4 Projects/PavlOS_Reworked/Content/Fonts/San_Francisco/SFUIText-Light_Font.uasset" 65
"../../../../../UE4 Projects/PavlOS_Reworked/Content/Fonts/San_Francisco/SFUIText-Medium.uasset" 66
"../../../../../UE4 Projects/PavlOS_Reworked/Content/Fonts/San_Francisco/SFUIText-Medium_Font.uasset" 67
"../../../../../UE4 Projects/PavlOS_Reworked/Content/Fonts/San_Francisco/SFUIText-Semibold.uasset" 68
"../../../../../UE4 Projects/PavlOS_Reworked/Content/Fonts/San_Francisco/SFUIText-Semibold_Font.uasset" 69
"../../../../../UE4 Projects/PavlOS_Reworked/Content/Images/+_thick.uasset" 70
"../../../../../UE4 Projects/PavlOS_Reworked/Content/Images/4k_jezero.uasset" 71
"../../../../../UE4 Projects/PavlOS_Reworked/Content/Images/account.uasset" 72
"../../../../../UE4 Projects/PavlOS_Reworked/Content/Images/account_circle.uasset" 73
"../../../../../UE4 Projects/PavlOS_Reworked/Content/Images/arrow_flat.uasset" 74
"../../../../../UE4 Projects/PavlOS_Reworked/Content/Images/arrow_small.uasset" 75
"../../../../../UE4 Projects/PavlOS_Reworked/Content/Images/PavlOS_logo_transparent.uasset" 76
"../../../../../UE4 Projects/PavlOS_Reworked/Content/Images/refresh.uasset" 77
"../../../../../UE4 Projects/PavlOS_Reworked/Content/Images/round_brightness_2_white_48dp.uasset" 78
"../../../../../UE4 Projects/PavlOS_Reworked/Content/Images/round_brightness_high_black_48dp.uasset" 79
"../../../../../UE4 Projects/PavlOS_Reworked/Content/Images/round_brightness_high_white_48dp.uasset" 80
"../../../../../UE4 Projects/PavlOS_Reworked/Content/Images/round_brightness_low_white_48dp.uasset" 81
"../../../../../UE4 Projects/PavlOS_Reworked/Content/Images/round_brightness_medium_black_48dp.uasset" 82
"../../../../../UE4 Projects/PavlOS_Reworked/Content/Images/round_brightness_medium_white_48dp.uasset" 83
"../../../../../UE4 Projects/PavlOS_Reworked/Content/Images/round_power_settings_new_white_48dp.uasset" 84
"../../../../../UE4 Projects/PavlOS_Reworked/Content/Images/round_refresh_white_48dp.uasset" 85
"../../../../../UE4 Projects/PavlOS_Reworked/Content/Images/round_tv_white_48dp.uasset" 86
"../../../../../UE4 Projects/PavlOS_Reworked/Content/Images/shutdown.uasset" 87
"../../../../../UE4 Projects/PavlOS_Reworked/Content/Images/volume_1__higher.uasset" 88
"../../../../../UE4 Projects/PavlOS_Reworked/Content/Images/volume_35__higher.uasset" 89
"../../../../../UE4 Projects/PavlOS_Reworked/Content/Images/volume_65__higher.uasset" 90
"../../../../../UE4 Projects/PavlOS_Reworked/Content/Images/volume_muted.uasset" 91
"../../../../../UE4 Projects/PavlOS_Reworked/Content/Images/x_bigger.uasset" 92
"../../../../../UE4 Projects/PavlOS_Reworked/Content/Sounds/AllSounds.uasset" 93
"../../../../../UE4 Projects/PavlOS_Reworked/Content/Sounds/AllSoundsMix.uasset" 94
"../../../../../UE4 Projects/PavlOS_Reworked/Content/UI/MenuBoxes/AddAppBySourceCode.uasset" 95
"../../../../../UE4 Projects/PavlOS_Reworked/Content/UI/MenuBoxes/AppList/applist_row.uasset" 96
"../../../../../UE4 Projects/PavlOS_Reworked/Content/Fonts/San_Francisco/SFUIText-RegularG3.uasset" 97
"../../../../../UE4 Projects/PavlOS_Reworked/Content/Fonts/San_Francisco/SFUIText-RegularG3_Font.uasset" 98
"../../../../../UE4 Projects/PavlOS_Reworked/Content/UI/MenuBoxes/MusicPlayer.uasset" 99
"../../../../../UE4 Projects/PavlOS_Reworked/Content/UI/MenuBoxes/NotificationReader.uasset" 100
"../../../../../UE4 Projects/PavlOS_Reworked/Content/UI/MenuBoxes/Notification.uasset" 101
"../../../../../UE4 Projects/PavlOS_Reworked/Content/Images/file_icon.uasset" 102
"../../../../../UE4 Projects/PavlOS_Reworked/Content/UI/PanelApplicationOpener.uasset" 103
"../../../../../UE4 Projects/PavlOS_Reworked/Content/UI/MenuBoxes/OpenAppInMenuBox.uasset" 104
"../../../../../UE4 Projects/PavlOS_Reworked/Content/UI/SurfaceApplicationRunner.uasset" 105
"../../../../../UE4 Projects/PavlOS_Reworked/Content/UI/Widgets/Weather_widget.uasset" 106
"../../../../../UE4 Projects/PavlOS_Reworked/Content/UI/Widgets/Apps_using_widget.uasset" 107
"../../../../../UE4 Projects/PavlOS_Reworked/Content/UI/Widgets/Clock_widget.uasset" 108
"../../../../../UE4 Projects/PavlOS_Reworked/Content/UI/Widgets/music_player_widget.uasset" 109
"../../../Engine/Content/EngineFonts/Faces/DroidSansFallback.uasset" 110
"../../../Engine/Content/EngineFonts/Faces/RobotoBold.uasset" 111
"../../../Engine/Content/EngineFonts/Faces/RobotoBoldItalic.uasset" 112
"../../../Engine/Content/EngineFonts/Faces/RobotoItalic.uasset" 113
"../../../Engine/Content/EngineFonts/Faces/RobotoLight.uasset" 114
"../../../Engine/Content/EngineFonts/Faces/RobotoRegular.uasset" 115
"../../../Engine/Content/EngineFonts/Roboto.uasset" 116
"../../../../../UE4 Projects/PavlOS_Reworked/Content/Fonts/SF_Pro.uasset" 117
"../../../../../UE4 Projects/PavlOS_Reworked/Content/Fonts/SF_Pro_Font.uasset" 118
"../../../../../UE4 Projects/PavlOS_Reworked/Content/Images/fade.uasset" 119
"../../../../../UE4 Projects/PavlOS_Reworked/Content/UI/Widgets/Notes_widget_content/Note.uasset" 120
"../../../../../UE4 Projects/PavlOS_Reworked/Content/UI/Widgets/Notes_widget.uasset" 121
"../../../../../UE4 Projects/PavlOS_Reworked/Content/Images/circle_button.uasset" 122
"../../../../../UE4 Projects/PavlOS_Reworked/Content/Images/circle_button_hover.uasset" 123
"../../../../../UE4 Projects/PavlOS_Reworked/Content/Images/circle_button_pressed.uasset" 124
"../../../../../UE4 Projects/PavlOS_Reworked/Content/UI/Widgets/Stopwatch_widget.uasset" 125
"../../../../../UE4 Projects/PavlOS_Reworked/Content/UI/OSBase.uasset" 126
"../../../../../UE4 Projects/PavlOS_Reworked/Content/UI/InbuildApps/DefaultApps/AppDefault.uasset" 127
"../../../../../UE4 Projects/PavlOS_Reworked/Content/UI/InbuildApps/RunApplication.uasset" 128
"../../../../../UE4 Projects/PavlOS_Reworked/Content/UI/InbuildApps/DevPack/AppDefault.uasset" 129
"../../../../../UE4 Projects/PavlOS_Reworked/Content/UI/InbuildApps/Settings/Settings.uasset" 130
"../../../../../UE4 Projects/PavlOS_Reworked/Content/UI/Widgets/PanelApplicationOpener1.uasset" 131
"../../../Engine/Content/Animation/DefaultAnimCurveCompressionSettings.uasset" 132
"../../../Engine/Content/Functions/Engine_MaterialFunctions01/Opacity/CameraDepthFade.uasset" 133
"../../../Engine/Content/EngineMaterials/T_Default_Material_Grid_M.uasset" 134
"../../../Engine/Content/EngineMaterials/T_Default_Material_Grid_N.uasset" 135
"../../../Engine/Content/EngineMaterials/WorldGridMaterial.uasset" 136
"../../../Engine/Content/ArtTools/RenderToTexture/Meshes/S_1_Unit_Plane.uasset" 137
"../../../Engine/Content/EngineMaterials/DefaultMaterial.uasset" 138
"../../../Engine/Content/BasicShapes/Cone.uasset" 139
"../../../Engine/Content/BasicShapes/Cube.uasset" 140
"../../../Engine/Content/BasicShapes/Cylinder.uasset" 141
"../../../Engine/Content/BasicShapes/Plane.uasset" 142
"../../../Engine/Content/BasicShapes/Sphere.uasset" 143
"../../../Engine/Content/EditorLandscapeResources/DataLayer.uasset" 144
"../../../Engine/Content/EditorMaterials/MAT_Groups_Toggle.uasset" 145
"../../../Engine/Content/EditorMaterials/MAT_Groups_Visibility.uasset" 146
"../../../Engine/Content/EditorMaterials/PreviewShadowIndicator.uasset" 147
"../../../Engine/Content/EditorMaterials/PreviewShadowIndicatorMaterial.uasset" 148
"../../../Engine/Content/EditorMaterials/MatineeGroups/MAT_ColorTrack.uasset" 149
"../../../Engine/Content/EditorMaterials/MatineeGroups/MAT_Groups_Anim.uasset" 150
"../../../Engine/Content/EditorMaterials/MatineeGroups/MAT_Groups_AudioMaster.uasset" 151
"../../../Engine/Content/EditorMaterials/MatineeGroups/MAT_Groups_Director.uasset" 152
"../../../Engine/Content/EditorMaterials/MatineeGroups/MAT_Groups_Event.uasset" 153
"../../../Engine/Content/EditorMaterials/MatineeGroups/MAT_Groups_Fade.uasset" 154
"../../../Engine/Content/EditorMaterials/MatineeGroups/MAT_Groups_Float.uasset" 155
"../../../Engine/Content/EditorMaterials/MatineeGroups/MAT_Groups_Move.uasset" 156
"../../../Engine/Content/EditorMaterials/MatineeGroups/MAT_Groups_Slomo.uasset" 157
"../../../Engine/Content/EditorMaterials/MatineeGroups/MAT_Groups_Sound.uasset" 158
"../../../Engine/Content/EditorMaterials/MatineeGroups/MAT_Groups_Vector.uasset" 159
"../../../Engine/Content/EditorMaterials/ParticleSystems/PSysThumbnail_NoImage.uasset" 160
"../../../Engine/Content/EditorMaterials/ParticleSystems/PSysThumbnail_OOD.uasset" 161
"../../../Engine/Content/EditorMaterials/Camera/CineMat.uasset" 162
"../../../Engine/Content/EditorMaterials/Camera/MI_CineMat_Rig.uasset" 163
"../../../Engine/Content/EditorMeshes/Camera/SM_CraneRig_Arm.uasset" 164
"../../../Engine/Content/EditorMeshes/Camera/SM_CraneRig_Base.uasset" 165
"../../../Engine/Content/EditorMeshes/Camera/SM_CraneRig_Body.uasset" 166
"../../../Engine/Content/EditorMeshes/Camera/SM_CraneRig_Mount.uasset" 167
"../../../Engine/Content/EditorMeshes/Camera/SM_RailRig_Mount.uasset" 168
"../../../Engine/Content/EditorMeshes/Camera/SM_RailRig_Track.uasset" 169
"../../../Engine/Content/EditorResources/BSPVertex.uasset" 170
"../../../Engine/Content/EditorResources/S_Actor.uasset" 171
"../../../Engine/Content/EditorResources/S_Note.uasset" 172
"../../../Engine/Content/EditorResources/S_Solver.uasset" 173
"../../../Engine/Content/EditorResources/S_Trigger.uasset" 174
"../../../Engine/Content/EditorResources/SequenceRecorder/Countdown.uasset" 175
"../../../Engine/Content/EditorResources/SequenceRecorder/RecordingIndicator.uasset" 176
"../../../Engine/Content/EditorSounds/Notifications/CompileFailed.uasset" 177
"../../../Engine/Content/EditorSounds/Notifications/CompileFailed_Cue.uasset" 178
"../../../Engine/Content/EditorSounds/Notifications/CompileSuccess.uasset" 179
"../../../Engine/Content/EditorSounds/Notifications/CompileStart_Cue.uasset" 180
"../../../Engine/Content/EditorSounds/Notifications/CompileSuccess_Cue.uasset" 181
"../../../Engine/Content/EngineDamageTypes/DmgTypeBP_Environmental.uasset" 182
"../../../Engine/Content/EngineDebugMaterials/DebugEditorMaterial.uasset" 183
"../../../Engine/Content/EngineDebugMaterials/DebugMeshMaterial.uasset" 184
"../../../Engine/Content/EngineDebugMaterials/M_SimpleUnlitTranslucent.uasset" 185
"../../../Engine/Content/Functions/Engine_MaterialFunctions02/Utility/CameraDirectionVector.uasset" 186
"../../../Engine/Content/EngineDebugMaterials/VolumeToRender.uasset" 187
"../../../Engine/Content/EngineDebugMaterials/M_VolumeRenderSphereTracePP.uasset" 188
"../../../Engine/Content/EngineDebugMaterials/WireframeMaterial.uasset" 189
"../../../Engine/Content/EngineMaterials/BaseFlattenDiffuseMap.uasset" 190
"../../../Engine/Content/EngineMaterials/BaseFlattenEmissiveMap.uasset" 191
"../../../Engine/Content/EngineMaterials/BaseFlattenGrayscaleMap.uasset" 192
"../../../Engine/Content/EngineMaterials/BaseFlattenNormalMap.uasset" 193
"../../../Engine/Content/EngineMaterials/BaseFlattenMaterial.uasset" 194
"../../../Engine/Content/EngineMaterials/BlueNoise.uasset" 195
"../../../Engine/Content/EngineMaterials/DefaultBloomKernel.uasset" 196
"../../../Engine/Content/EngineMaterials/DefaultBokeh.uasset" 197
"../../../Engine/Content/EngineMaterials/DefaultDiffuse.uasset" 198
"../../../Engine/Content/EngineMaterials/DefaultDeferredDecalMaterial.uasset" 199
"../../../Engine/Content/EngineMaterials/DefaultLightFunctionMaterial.uasset" 200
"../../../Engine/Content/EngineMaterials/DefaultPhysicalMaterial.uasset" 201
"../../../Engine/Content/Functions/Engine_MaterialFunctions02/Utility/BreakOutFloat2Components.uasset" 202
"../../../Engine/Content/EngineMaterials/DefaultPostProcessMaterial.uasset" 203
"../../../Engine/Content/EngineFonts/RobotoDistanceField.uasset" 204
"../../../Engine/Content/EngineMaterials/DefaultTextMaterialOpaque.uasset" 205
"../../../Engine/Content/EngineMaterials/DefaultWhiteGrid.uasset" 206
"../../../Engine/Content/EngineMaterials/DefaultWhiteGrid_Low.uasset" 207
"../../../Engine/Content/EngineMaterials/EmissiveMeshMaterial.uasset" 208
"../../../Engine/Content/EngineMaterials/GizmoMaterial.uasset" 209
"../../../Engine/Content/EngineMaterials/Good64x64TilingNoiseHighFreq.uasset" 210
"../../../Engine/Content/EngineMaterials/MiniFont.uasset" 211
"../../../Engine/Content/EngineMaterials/InvalidLightmapSettings.uasset" 212
"../../../Engine/Content/EngineMaterials/M_InvalidLightmapSettings.uasset" 213
"../../../Engine/Content/Functions/Engine_MaterialFunctions02/WorldPositionOffset/CameraOffset.uasset" 214
"../../../Engine/Content/EngineMaterials/PhAT_JointLimitMaterial.uasset" 215
"../../../Engine/Content/EngineMaterials/PreintegratedSkinBRDF.uasset" 216
"../../../Engine/Content/EngineMaterials/RemoveSurfaceMaterial.uasset" 217
"../../../Engine/Content/EngineMaterials/WeightMapPlaceholderTexture.uasset" 218
"../../../Engine/Content/EngineResources/WhiteSquareTexture.uasset" 219
"../../../Engine/Content/EngineMaterials/Widget3DPassThrough.uasset" 220
"../../../Engine/Content/EngineMaterials/Widget3DPassThrough_Masked.uasset" 221
"../../../Engine/Content/EngineMaterials/Widget3DPassThrough_Opaque.uasset" 222
"../../../Engine/Content/EngineMaterials/Widget3DPassThrough_Masked_OneSided.uasset" 223
"../../../Engine/Content/EngineMaterials/Widget3DPassThrough_Opaque_OneSided.uasset" 224
"../../../Engine/Content/EngineMaterials/Widget3DPassThrough_Translucent.uasset" 225
"../../../Engine/Content/EngineMaterials/Widget3DPassThrough_Translucent_OneSided.uasset" 226
"../../../Engine/Content/EngineMeshes/Cylinder.uasset" 227
"../../../Engine/Content/EngineMeshes/Sphere.uasset" 228
"../../../Engine/Content/EngineResources/Black.uasset" 229
"../../../Engine/Content/EngineResources/DefaultTexture.uasset" 230
"../../../Engine/Content/EngineResources/DefaultTextureCube.uasset" 231
"../../../Engine/Content/EngineResources/DefaultVolumeTexture2D.uasset" 232
"../../../Engine/Content/EngineResources/DefaultVolumeTexture.uasset" 233
"../../../Engine/Content/EngineResources/GradientTexture0.uasset" 234
"../../../Engine/Content/EngineSounds/Master.uasset" 235
"../../../Engine/Content/Functions/Engine_MaterialFunctions01/Shading/ConvertFromDiffSpec.uasset" 236
"../../../Engine/Content/Functions/Engine_MaterialFunctions01/Shading/PowerToRoughness.uasset" 237
"../../../Engine/Content/Maps/Templates/Thumbnails/Default.uasset" 238
"../../../Engine/Content/Maps/Templates/Thumbnails/TimeOfDay.uasset" 239
"../../../Engine/Content/Maps/Templates/Thumbnails/VR-Basic.uasset" 240
"../../../Engine/Content/MobileResources/T_MobileControls_texture.uasset" 241
"../../../Engine/Content/MobileResources/T_MobileMenu2.uasset" 242
"../../../Engine/Content/MobileResources/HUD/AnalogHat.uasset" 243
"../../../Engine/Content/MobileResources/HUD/VirtualJoystick_Background.uasset" 244
"../../../Engine/Content/MobileResources/HUD/VirtualJoystick_Thumb.uasset" 245
"../../../Engine/Content/MobileResources/HUD/DefaultVirtualJoysticks.uasset" 246
"../../../Engine/Content/MobileResources/HUD/LeftVirtualJoystickOnly.uasset" 247
"../../../Engine/Content/MobileResources/HUD/MobileHUDButton1_off.uasset" 248
"../../../Engine/Content/MobileResources/HUD/MobileHUDButton1_on.uasset" 249
"../../../Engine/Content/MobileResources/HUD/MobileHUDButton2_off.uasset" 250
"../../../Engine/Content/MobileResources/HUD/MobileHUDButton2_on.uasset" 251
"../../../Engine/Content/MobileResources/HUD/MobileHUDButton3.uasset" 252
"../../../Engine/Content/MobileResources/HUD/MobileHUDButtonFire.uasset" 253
"../../../Engine/Content/MobileResources/HUD/MobileHUDDirectionPad.uasset" 254
"../../../Engine/Content/MobileResources/HUD/MobileHUDDirectionPad2.uasset" 255
"../../../Engine/Content/MobileResources/HUD/MobileHUDDirectionPad3.uasset" 256
"../../../Engine/Content/MobileResources/HUD/MobileHUDDirectionStick.uasset" 257
"../../../Engine/Content/MobileResources/HUD/T_Castle_ThumbstickInner.uasset" 258
"../../../Engine/Content/MobileResources/HUD/T_Castle_ThumbstickOutter.uasset" 259
"../../../Engine/Content/Tutorial/ContentIntroCurve.uasset" 260
"../../../Engine/Content/Tutorial/Basics/LevelEditorAttract.uasset" 261
"../../../Engine/Content/Tutorial/Basics/TutorialAssets/icon_tab_Levels_40x.uasset" 262
"../../../Engine/Content/Tutorial/Basics/LevelEditorOverview.uasset" 263
"../../../Engine/Content/Tutorial/BlueprintTutorials/TutorialAssets/Blueprint_64x.uasset" 264
"../../../Engine/Content/Tutorial/BlueprintTutorials/BlueprintEditorTutorial.uasset" 265
"../../../Engine/Content/VREditor/LaserPointer/VR_LaserPower_01.uasset" 266
"../../../Engine/Content/VREditor/TransformGizmo/TransformGizmoMaterial.uasset" 267
"../../../Engine/Content/VREditor/TransformGizmo/TranslucentTransformGizmoMaterial.uasset" 268
"../../../Engine/Content/VREditor/TransformGizmo/BoundingBoxCorner.uasset" 269
"../../../Engine/Content/VREditor/TransformGizmo/BoundingBoxEdge.uasset" 270
"../../../Engine/Content/VREditor/TransformGizmo/PlaneTranslationHandle.uasset" 271
"../../../Engine/Content/VREditor/TransformGizmo/Main.uasset" 272
"../../../Engine/Content/VREditor/TransformGizmo/Xray.uasset" 273
"../../../Engine/Content/VREditor/TransformGizmo/SM_Sequencer_Key.uasset" 274
"../../../Engine/Content/VREditor/TransformGizmo/SM_Sequencer_Node.uasset" 275
"../../Plugins/2D/Paper2D/Content/PlaceholderTextures/DummySpriteTexture.uasset" 276
"../../Plugins/2D/Paper2D/Content/DummySprite.uasset" 277
"../../Plugins/2D/Paper2D/Content/DefaultPaperTerrainMaterial.uasset" 278
"../../Plugins/2D/Paper2D/Content/DefaultSpriteMaterial.uasset" 279
"../../Plugins/2D/Paper2D/Content/MaskedUnlitSpriteMaterial.uasset" 280
"../../Plugins/2D/Paper2D/Content/OpaqueUnlitSpriteMaterial.uasset" 281
"../../Plugins/FX/Niagara/Content/Enums/ENiagaraBooleanLogicOps.uasset" 282
"../../Plugins/FX/Niagara/Content/Enums/ENiagaraCoordinateSpace.uasset" 283
"../../Plugins/FX/Niagara/Content/Enums/ENiagaraExpansionMode.uasset" 284
"../../Plugins/FX/Niagara/Content/Enums/ENiagaraOrientationAxis.uasset" 285
"../../Plugins/FX/Niagara/Content/Enums/ENiagaraRandomnessMode.uasset" 286
"../../Plugins/Marketplace/KantanCharts/Content/Style/CategoryStyles/DefaultCategoryStyleSet.uasset" 287
"../../Plugins/Marketplace/KantanCharts/Content/Style/SeriesStyles/PointStyles/PointImages/PointStyle_Circle.uasset" 288
"../../Plugins/Marketplace/KantanCharts/Content/Style/SeriesStyles/PointStyles/PS_Circle.uasset" 289
"../../Plugins/Marketplace/KantanCharts/Content/Style/SeriesStyles/PointStyles/PointImages/PointStyle_Cross.uasset" 290
"../../Plugins/Marketplace/KantanCharts/Content/Style/SeriesStyles/PointStyles/PS_Cross.uasset" 291
"../../Plugins/Marketplace/KantanCharts/Content/Style/SeriesStyles/PointStyles/PointImages/PointStyle_Diamond.uasset" 292
"../../Plugins/Marketplace/KantanCharts/Content/Style/SeriesStyles/PointStyles/PS_Diamond.uasset" 293
"../../Plugins/Marketplace/KantanCharts/Content/Style/SeriesStyles/PointStyles/PointImages/PointStyle_Square.uasset" 294
"../../Plugins/Marketplace/KantanCharts/Content/Style/SeriesStyles/PointStyles/PS_Square.uasset" 295
"../../Plugins/Marketplace/KantanCharts/Content/Style/SeriesStyles/PointStyles/PointImages/PointStyle_X.uasset" 296
"../../Plugins/Marketplace/KantanCharts/Content/Style/SeriesStyles/PointStyles/PS_X.uasset" 297
"../../Plugins/Marketplace/KantanCharts/Content/Style/SeriesStyles/DefaultSeriesStyleSet.uasset" 298
"../../../Engine/Content/Functions/Engine_MaterialFunctions02/Utility/BreakOutFloat4Components.uasset" 299
"../../../Engine/Content/Functions/Engine_MaterialFunctions02/Utility/MakeFloat2.uasset" 300
"../../../Engine/Content/Functions/Engine_MaterialFunctions02/Utility/MakeFloat3.uasset" 301
"../../Plugins/Runtime/Oculus/OculusVR/Content/Materials/OculusMR_ChromaKey.uasset" 302
"../../Plugins/Runtime/Oculus/OculusVR/Content/Materials/OculusMR_ChromaKey_Lit.uasset" 303
"../../Plugins/Runtime/Oculus/OculusVR/Content/Materials/OculusMR_OpaqueColoredMaterial.uasset" 304
"../../Plugins/Runtime/Oculus/OculusVR/Content/Materials/OculusMR_WhiteMaterial.uasset" 305
"../../Plugins/Runtime/WebBrowserWidget/Content/WebTexture_T.uasset" 306
"../../Plugins/Runtime/WebBrowserWidget/Content/WebTexture_M.uasset" 307
"../../Plugins/Runtime/WebBrowserWidget/Content/WebTexture_TM.uasset" 308
"../../../../../UE4 Projects/PavlOS_Reworked/Content/PavlOS.umap" 309
"../../../../../UE4 Projects/PavlOS_Reworked/Content/Restart.umap" 310
"../../../Engine/Content/Maps/Entry_BuiltData.uasset" 311
"../../../Engine/Content/Maps/Entry.umap" 312
